2023-10-11 13:36:58 536 [main] DEBUG org.apache.ibatis.logging.LogFactory - Logging initialized using 'class org.apache.ibatis.logging.log4j2.Log4j2Impl' adapter.
2023-10-11 14:19:41 001 [main] DEBUG org.apache.ibatis.logging.LogFactory - Logging initialized using 'class org.apache.ibatis.logging.log4j2.Log4j2Impl' adapter.
2023-10-11 14:19:41 676 [main] DEBUG org.mybatis.spring.SqlSessionUtils - Creating a new SqlSession
2023-10-11 14:19:41 697 [main] DEBUG org.mybatis.spring.SqlSessionUtils - SqlSession [org.apache.ibatis.session.defaults.DefaultSqlSession@5241cf67] was not registered for synchronization because synchronization is not active
2023-10-11 14:19:41 713 [main] DEBUG org.mybatis.spring.transaction.SpringManagedTransaction - JDBC Connection [HikariProxyConnection@1101598632 wrapping org.mariadb.jdbc.Connection@3d8bbcdc] will not be managed by Spring
2023-10-11 14:19:41 721 [main] DEBUG userNS.selectUserById - ==>  Preparing: select * from users where userid=?
2023-10-11 14:19:41 768 [main] DEBUG userNS.selectUserById - ==> Parameters: dooly(String)
2023-10-11 14:19:41 790 [main] DEBUG userNS.selectUserById - <==      Total: 1
2023-10-11 14:19:41 791 [main] DEBUG org.mybatis.spring.SqlSessionUtils - Closing non transactional SqlSession [org.apache.ibatis.session.defaults.DefaultSqlSession@5241cf67]
2023-10-11 15:06:23 724 [main] DEBUG org.mybatis.spring.mapper.ClassPathMapperScanner - Identified candidate component class: file [C:\sts3.9-bundle\workspace\MySpringUser\target\classes\myspring\user\dao\mapper\UserMapper.class]
2023-10-11 15:06:23 971 [main] DEBUG org.apache.ibatis.logging.LogFactory - Logging initialized using 'class org.apache.ibatis.logging.log4j2.Log4j2Impl' adapter.
2023-10-11 15:06:24 180 [main] DEBUG org.mybatis.spring.SqlSessionUtils - Creating a new SqlSession
2023-10-11 15:06:24 188 [main] DEBUG org.mybatis.spring.SqlSessionUtils - SqlSession [org.apache.ibatis.session.defaults.DefaultSqlSession@73db4768] was not registered for synchronization because synchronization is not active
2023-10-11 15:06:24 343 [main] DEBUG org.mybatis.spring.transaction.SpringManagedTransaction - JDBC Connection [HikariProxyConnection@164714495 wrapping org.mariadb.jdbc.Connection@2f162cc0] will not be managed by Spring
2023-10-11 15:06:24 350 [main] DEBUG myspring.user.dao.mapper.UserMapper.selectUserById - ==>  Preparing: select * from users where userid=?
2023-10-11 15:06:24 375 [main] DEBUG myspring.user.dao.mapper.UserMapper.selectUserById - ==> Parameters: dooly(String)
2023-10-11 15:06:24 402 [main] DEBUG myspring.user.dao.mapper.UserMapper.selectUserById - <==      Total: 1
2023-10-11 15:06:24 410 [main] DEBUG org.mybatis.spring.SqlSessionUtils - Closing non transactional SqlSession [org.apache.ibatis.session.defaults.DefaultSqlSession@73db4768]
2023-10-11 15:37:20 184 [main] DEBUG org.mybatis.spring.mapper.ClassPathMapperScanner - Identified candidate component class: file [C:\sts3.9-bundle\workspace\MySpringUser\target\classes\myspring\user\dao\mapper\UserMapper.class]
2023-10-11 15:37:20 398 [main] DEBUG org.apache.ibatis.logging.LogFactory - Logging initialized using 'class org.apache.ibatis.logging.log4j2.Log4j2Impl' adapter.
2023-10-11 15:37:20 784 [main] DEBUG org.mybatis.spring.SqlSessionUtils - Creating a new SqlSession
2023-10-11 15:37:20 788 [main] DEBUG org.mybatis.spring.SqlSessionUtils - SqlSession [org.apache.ibatis.session.defaults.DefaultSqlSession@3b9d6699] was not registered for synchronization because synchronization is not active
2023-10-11 15:37:20 800 [main] DEBUG org.mybatis.spring.transaction.SpringManagedTransaction - JDBC Connection [HikariProxyConnection@454160179 wrapping org.mariadb.jdbc.Connection@476aac9] will not be managed by Spring
2023-10-11 15:37:20 806 [main] DEBUG myspring.user.dao.mapper.UserMapper.selectUserById - ==>  Preparing: select * from users where userid=?
2023-10-11 15:37:20 830 [main] DEBUG myspring.user.dao.mapper.UserMapper.selectUserById - ==> Parameters: dooly(String)
2023-10-11 15:37:20 858 [main] DEBUG myspring.user.dao.mapper.UserMapper.selectUserById - <==      Total: 1
2023-10-11 15:37:20 859 [main] DEBUG org.mybatis.spring.SqlSessionUtils - Closing non transactional SqlSession [org.apache.ibatis.session.defaults.DefaultSqlSession@3b9d6699]
